[debug] [2022-09-25T20:38:51.047Z] ----------------------------------------------------------------------
[debug] [2022-09-25T20:38:51.049Z] Command:       C:\Program Files\nodejs\node.exe C:\Users\Muhammed Ashif\AppData\Roaming\npm\node_modules\firebase-tools\lib\bin\firebase.js init
[debug] [2022-09-25T20:38:51.050Z] CLI Version:   11.10.0
[debug] [2022-09-25T20:38:51.050Z] Platform:      win32
[debug] [2022-09-25T20:38:51.050Z] Node Version:  v14.18.1
[debug] [2022-09-25T20:38:51.051Z] Time:          Mon Sep 26 2022 02:08:51 GMT+0530 (India Standard Time)
[debug] [2022-09-25T20:38:51.051Z] ----------------------------------------------------------------------
[debug] 
[debug] [2022-09-25T20:38:51.054Z] >>> [apiv2][query] GET https://firebase-public.firebaseio.com/cli.json [none]
[debug] [2022-09-25T20:38:51.080Z] > command requires scopes: ["email","openid","https://www.googleapis.com/auth/cloudplatformprojects.readonly","https://www.googleapis.com/auth/firebase","https://www.googleapis.com/auth/cloud-platform"]
[debug] [2022-09-25T20:38:51.080Z] > authorizing via signed-in user (ashifmohammed231@gmail.com)
[info] 
     ######## #### ########  ######## ########     ###     ######  ########
     ##        ##  ##     ## ##       ##     ##  ##   ##  ##       ##
     ######    ##  ########  ######   ########  #########  ######  ######
     ##        ##  ##    ##  ##       ##     ## ##     ##       ## ##
     ##       #### ##     ## ######## ########  ##     ##  ######  ########

You're about to initialize a Firebase project in this directory:

  C:\programming\Master Projects\Kumo root\kumo-react

Before we get started, keep in mind:

  * You are currently outside your home directory

[debug] [2022-09-25T20:38:51.683Z] <<< [apiv2][status] GET https://firebase-public.firebaseio.com/cli.json 200
[debug] [2022-09-25T20:38:51.683Z] <<< [apiv2][body] GET https://firebase-public.firebaseio.com/cli.json {"cloudBuildErrorAfter":1594252800000,"cloudBuildWarnAfter":1590019200000,"defaultNode10After":1594252800000,"minVersion":"3.0.5","node8DeploysDisabledAfter":1613390400000,"node8RuntimeDisabledAfter":1615809600000,"node8WarnAfter":1600128000000}
[info] 
=== Project Setup
[info] 
[info] First, let's associate this project directory with a Firebase project.
[info] You can create multiple project aliases by running firebase use --add, 
[info] but for now we'll just set up a default project.
[info] 
